# JRE version: Java(TM) SE Runtime Environment (8.0_181-b13) (build 1.8.0_181-b13)
# Java VM: Java HotSpot(TM) 64-Bit Server VM (25.181-b13 mixed mode bsd-amd64 compressed oops)
Heap:
 PSYoungGen      total 666624K, used 88546K [0x000000076ab00000, 0x0000000796180000, 0x00000007c0000000)
  eden space 642560K, 10% used [0x000000076ab00000,0x000000076e9f99a0,0x0000000791e80000)
  from space 24064K, 99% used [0x0000000794a00000,0x000000079617ef98,0x0000000796180000)
  to   space 26624K, 0% used [0x0000000792d80000,0x0000000792d80000,0x0000000794780000)
 ParOldGen       total 136192K, used 35635K [0x00000006c0000000, 0x00000006c8500000, 0x000000076ab00000)
  object space 136192K, 26% used [0x00000006c0000000,0x00000006c22ccd40,0x00000006c8500000)
 Metaspace       used 52053K, capacity 52596K, committed 52864K, reserved 1095680K
  class space    used 6607K, capacity 6751K, committed 6784K, reserved 1048576K
GC Heap History (10 events):
Event: 5.800 GC heap before
{Heap before GC invocations=8 (full 1):
 PSYoungGen      total 257024K, used 249721K [0x000000076ab00000, 0x000000077c400000, 0x00000007c0000000)
  eden space 246272K, 97% used [0x000000076ab00000,0x00000007794c6c00,0x0000000779b80000)
  from space 10752K, 96% used [0x000000077b980000,0x000000077c397a50,0x000000077c400000)
  to   space 14848K, 0% used [0x000000077a700000,0x000000077a700000,0x000000077b580000)
 ParOldGen       total 87552K, used 11710K [0x00000006c0000000, 0x00000006c5580000, 0x000000076ab00000)
  object space 87552K, 13% used [0x00000006c0000000,0x00000006c0b6f8b8,0x00000006c5580000)
 Metaspace       used 33139K, capacity 33480K, committed 33792K, reserved 1079296K
  class space    used 4108K, capacity 4229K, committed 4352K, reserved 1048576K
Event: 5.827 GC heap after
Heap after GC invocations=8 (full 1):
 PSYoungGen      total 272896K, used 13660K [0x000000076ab00000, 0x0000000788580000, 0x00000007c0000000)
  eden space 258048K, 0% used [0x000000076ab00000,0x000000076ab00000,0x000000077a700000)
  from space 14848K, 91% used [0x000000077a700000,0x000000077b457078,0x000000077b580000)
  to   space 15360K, 0% used [0x0000000787680000,0x0000000787680000,0x0000000788580000)
 ParOldGen       total 87552K, used 21954K [0x00000006c0000000, 0x00000006c5580000, 0x000000076ab00000)
  object space 87552K, 25% used [0x00000006c0000000,0x00000006c1570b48,0x00000006c5580000)
 Metaspace       used 33139K, capacity 33480K, committed 33792K, reserved 1079296K
  class space    used 4108K, capacity 4229K, committed 4352K, reserved 1048576K
}
Event: 7.493 GC heap before
{Heap before GC invocations=9 (full 1):
 PSYoungGen      total 272896K, used 271708K [0x000000076ab00000, 0x0000000788580000, 0x00000007c0000000)
  eden space 258048K, 100% used [0x000000076ab00000,0x000000077a700000,0x000000077a700000)
  from space 14848K, 91% used [0x000000077a700000,0x000000077b457078,0x000000077b580000)
  to   space 15360K, 0% used [0x0000000787680000,0x0000000787680000,0x0000000788580000)
 ParOldGen       total 87552K, used 21954K [0x00000006c0000000, 0x00000006c5580000, 0x000000076ab00000)
  object space 87552K, 25% used [0x00000006c0000000,0x00000006c1570b48,0x00000006c5580000)
 Metaspace       used 33874K, capacity 34248K, committed 34560K, reserved 1079296K
  class space    used 4128K, capacity 4229K, committed 4352K, reserved 1048576K
Event: 7.546 GC heap after
Heap after GC invocations=9 (full 1):
 PSYoungGen      total 462336K, used 15338K [0x000000076ab00000, 0x000000078a380000, 0x00000007c0000000)
  eden space 446976K, 0% used [0x000000076ab00000,0x000000076ab00000,0x0000000785f80000)
  from space 15360K, 99% used [0x0000000787680000,0x000000078857a950,0x0000000788580000)
  to   space 23552K, 0% used [0x0000000785f80000,0x0000000785f80000,0x0000000787680000)
 ParOldGen       total 87552K, used 38104K [0x00000006c0000000, 0x00000006c5580000, 0x000000076ab00000)
  object space 87552K, 43% used [0x00000006c0000000,0x00000006c2536368,0x00000006c5580000)
 Metaspace       used 33874K, capacity 34248K, committed 34560K, reserved 1079296K
  class space    used 4128K, capacity 4229K, committed 4352K, reserved 1048576K
}
Event: 8.108 GC heap before
{Heap before GC invocations=10 (full 1):
 PSYoungGen      total 462336K, used 117690K [0x000000076ab00000, 0x000000078a380000, 0x00000007c0000000)
  eden space 446976K, 22% used [0x000000076ab00000,0x0000000770ef4028,0x0000000785f80000)
  from space 15360K, 99% used [0x0000000787680000,0x000000078857a950,0x0000000788580000)
  to   space 23552K, 0% used [0x0000000785f80000,0x0000000785f80000,0x0000000787680000)
 ParOldGen       total 87552K, used 38104K [0x00000006c0000000, 0x00000006c5580000, 0x000000076ab00000)
  object space 87552K, 43% used [0x00000006c0000000,0x00000006c2536368,0x00000006c5580000)
 Metaspace       used 34944K, capacity 35272K, committed 35456K, reserved 1081344K
  class space    used 4301K, capacity 4421K, committed 4480K, reserved 1048576K
Event: 8.150 GC heap after
Heap after GC invocations=10 (full 1):
 PSYoungGen      total 470528K, used 17781K [0x000000076ab00000, 0x0000000796180000, 0x00000007c0000000)
  eden space 446976K, 0% used [0x000000076ab00000,0x000000076ab00000,0x0000000785f80000)
  from space 23552K, 75% used [0x0000000785f80000,0x00000007870dd410,0x0000000787680000)
  to   space 24064K, 0% used [0x0000000794a00000,0x0000000794a00000,0x0000000796180000)
 ParOldGen       total 87552K, used 41080K [0x00000006c0000000, 0x00000006c5580000, 0x000000076ab00000)
  object space 87552K, 46% used [0x00000006c0000000,0x00000006c281e3a8,0x00000006c5580000)
 Metaspace       used 34944K, capacity 35272K, committed 35456K, reserved 1081344K
  class space    used 4301K, capacity 4421K, committed 4480K, reserved 1048576K
}
Event: 8.150 GC heap before
{Heap before GC invocations=11 (full 2):
 PSYoungGen      total 470528K, used 17781K [0x000000076ab00000, 0x0000000796180000, 0x00000007c0000000)
  eden space 446976K, 0% used [0x000000076ab00000,0x000000076ab00000,0x0000000785f80000)
  from space 23552K, 75% used [0x0000000785f80000,0x00000007870dd410,0x0000000787680000)
  to   space 24064K, 0% used [0x0000000794a00000,0x0000000794a00000,0x0000000796180000)
 ParOldGen       total 87552K, used 41080K [0x00000006c0000000, 0x00000006c5580000, 0x000000076ab00000)
  object space 87552K, 46% used [0x00000006c0000000,0x00000006c281e3a8,0x00000006c5580000)
 Metaspace       used 34944K, capacity 35272K, committed 35456K, reserved 1081344K
  class space    used 4301K, capacity 4421K, committed 4480K, reserved 1048576K
Event: 8.326 GC heap after
Heap after GC invocations=11 (full 2):
 PSYoungGen      total 470528K, used 0K [0x000000076ab00000, 0x0000000796180000, 0x00000007c0000000)
  eden space 446976K, 0% used [0x000000076ab00000,0x000000076ab00000,0x0000000785f80000)
  from space 23552K, 0% used [0x0000000785f80000,0x0000000785f80000,0x0000000787680000)
  to   space 24064K, 0% used [0x0000000794a00000,0x0000000794a00000,0x0000000796180000)
 ParOldGen       total 136192K, used 35192K [0x00000006c0000000, 0x00000006c8500000, 0x000000076ab00000)
  object space 136192K, 25% used [0x00000006c0000000,0x00000006c225e018,0x00000006c8500000)
 Metaspace       used 34944K, capacity 35272K, committed 35456K, reserved 1081344K
  class space    used 4301K, capacity 4421K, committed 4480K, reserved 1048576K
}
Event: 23.056 GC heap before
{Heap before GC invocations=12 (full 2):
 PSYoungGen      total 470528K, used 446976K [0x000000076ab00000, 0x0000000796180000, 0x00000007c0000000)
  eden space 446976K, 100% used [0x000000076ab00000,0x0000000785f80000,0x0000000785f80000)
  from space 23552K, 0% used [0x0000000785f80000,0x0000000785f80000,0x0000000787680000)
  to   space 24064K, 0% used [0x0000000794a00000,0x0000000794a00000,0x0000000796180000)
 ParOldGen       total 136192K, used 35192K [0x00000006c0000000, 0x00000006c8500000, 0x000000076ab00000)
  object space 136192K, 25% used [0x00000006c0000000,0x00000006c225e018,0x00000006c8500000)
 Metaspace       used 51367K, capacity 51842K, committed 52224K, reserved 1095680K
  class space    used 6544K, capacity 6652K, committed 6656K, reserved 1048576K
Event: 23.122 GC heap after
Heap after GC invocations=12 (full 2):
 PSYoungGen      total 666624K, used 24059K [0x000000076ab00000, 0x0000000796180000, 0x00000007c0000000)
  eden space 642560K, 0% used [0x000000076ab00000,0x000000076ab00000,0x0000000791e80000)
  from space 24064K, 99% used [0x0000000794a00000,0x000000079617ef98,0x0000000796180000)
  to   space 26624K, 0% used [0x0000000792d80000,0x0000000792d80000,0x0000000794780000)
 ParOldGen       total 136192K, used 35635K [0x00000006c0000000, 0x00000006c8500000, 0x000000076ab00000)
  object space 136192K, 26% used [0x00000006c0000000,0x00000006c22ccd40,0x00000006c8500000)
 Metaspace       used 51367K, capacity 51842K, committed 52224K, reserved 1095680K
  class space    used 6544K, capacity 6652K, committed 6656K, reserved 1048576K
}

